Started GET "/" for 127.0.0.1 at 2022-06-12 20:54:47 +0300
  [1m[35m (0.9ms)[0m  [1m[34mSELECT sqlite_version(*)[0m
Processing by Rails::WelcomeController#index as HTML
  Rendering /usr/share/rvm/gems/ruby-2.7.2/gems/railties-6.0.5/lib/rails/templates/rails/welcome/index.html.erb
  Rendered /usr/share/rvm/gems/ruby-2.7.2/gems/railties-6.0.5/lib/rails/templates/rails/welcome/index.html.erb (Duration: 5.8ms | Allocations: 403)
Completed 200 OK in 18ms (Views: 8.2ms | ActiveRecord: 0.0ms | Allocations: 3576)


Started GET "/shamanic_transe_energy_medicine.jpg" for 127.0.0.1 at 2022-06-12 21:15:08 +0300
  [1m[35m (0.4ms)[0m  [1m[34mSELECT sqlite_version(*)[0m
  
ActionController::RoutingError (No route matches [GET] "/shamanic_transe_energy_medicine.jpg"):
  
actionpack (6.0.5) lib/action_dispatch/middleware/debug_exceptions.rb:36:in `call'
web-console (4.2.0) lib/web_console/middleware.rb:132:in `call_app'
web-console (4.2.0) lib/web_console/middleware.rb:28:in `block in call'
web-console (4.2.0) lib/web_console/middleware.rb:17:in `catch'
web-console (4.2.0) lib/web_console/middleware.rb:17:in `call'
actionpack (6.0.5) lib/action_dispatch/middleware/show_exceptions.rb:33:in `call'
railties (6.0.5) lib/rails/rack/logger.rb:37:in `call_app'
railties (6.0.5) lib/rails/rack/logger.rb:26:in `block in call'
activesupport (6.0.5) lib/active_support/tagged_logging.rb:80:in `block in tagged'
activesupport (6.0.5) lib/active_support/tagged_logging.rb:28:in `tagged'
activesupport (6.0.5) lib/active_support/tagged_logging.rb:80:in `tagged'
railties (6.0.5) lib/rails/rack/logger.rb:26:in `call'
sprockets-rails (3.4.2) lib/sprockets/rails/quiet_assets.rb:13:in `call'
actionpack (6.0.5) lib/action_dispatch/middleware/remote_ip.rb:81:in `call'
actionpack (6.0.5) lib/action_dispatch/middleware/request_id.rb:27:in `call'
rack (2.2.3.1) lib/rack/method_override.rb:24:in `call'
rack (2.2.3.1) lib/rack/runtime.rb:22:in `call'
activesupport (6.0.5) lib/active_support/cache/strategy/local_cache_middleware.rb:29:in `call'
actionpack (6.0.5) lib/action_dispatch/middleware/executor.rb:14:in `call'
actionpack (6.0.5) lib/action_dispatch/middleware/static.rb:126:in `call'
rack (2.2.3.1) lib/rack/sendfile.rb:110:in `call'
actionpack (6.0.5) lib/action_dispatch/middleware/host_authorization.rb:103:in `call'
webpacker (4.3.0) lib/webpacker/dev_server_proxy.rb:23:in `perform_request'
rack-proxy (0.7.2) lib/rack/proxy.rb:67:in `call'
railties (6.0.5) lib/rails/engine.rb:527:in `call'
puma (4.3.12) lib/puma/configuration.rb:228:in `call'
puma (4.3.12) lib/puma/server.rb:727:in `handle_request'
puma (4.3.12) lib/puma/server.rb:476:in `process_client'
puma (4.3.12) lib/puma/server.rb:332:in `block in run'
puma (4.3.12) lib/puma/thread_pool.rb:134:in `block in spawn_thread'
Started GET "/shamanic_transe_energy_medicine.jpg" for 127.0.0.1 at 2022-06-12 21:16:20 +0300
  
ActionController::RoutingError (No route matches [GET] "/shamanic_transe_energy_medicine.jpg"):
  
actionpack (6.0.5) lib/action_dispatch/middleware/debug_exceptions.rb:36:in `call'
web-console (4.2.0) lib/web_console/middleware.rb:132:in `call_app'
web-console (4.2.0) lib/web_console/middleware.rb:28:in `block in call'
web-console (4.2.0) lib/web_console/middleware.rb:17:in `catch'
web-console (4.2.0) lib/web_console/middleware.rb:17:in `call'
actionpack (6.0.5) lib/action_dispatch/middleware/show_exceptions.rb:33:in `call'
railties (6.0.5) lib/rails/rack/logger.rb:37:in `call_app'
railties (6.0.5) lib/rails/rack/logger.rb:26:in `block in call'
activesupport (6.0.5) lib/active_support/tagged_logging.rb:80:in `block in tagged'
activesupport (6.0.5) lib/active_support/tagged_logging.rb:28:in `tagged'
activesupport (6.0.5) lib/active_support/tagged_logging.rb:80:in `tagged'
railties (6.0.5) lib/rails/rack/logger.rb:26:in `call'
sprockets-rails (3.4.2) lib/sprockets/rails/quiet_assets.rb:13:in `call'
actionpack (6.0.5) lib/action_dispatch/middleware/remote_ip.rb:81:in `call'
actionpack (6.0.5) lib/action_dispatch/middleware/request_id.rb:27:in `call'
rack (2.2.3.1) lib/rack/method_override.rb:24:in `call'
rack (2.2.3.1) lib/rack/runtime.rb:22:in `call'
activesupport (6.0.5) lib/active_support/cache/strategy/local_cache_middleware.rb:29:in `call'
actionpack (6.0.5) lib/action_dispatch/middleware/executor.rb:14:in `call'
actionpack (6.0.5) lib/action_dispatch/middleware/static.rb:126:in `call'
rack (2.2.3.1) lib/rack/sendfile.rb:110:in `call'
actionpack (6.0.5) lib/action_dispatch/middleware/host_authorization.rb:103:in `call'
webpacker (4.3.0) lib/webpacker/dev_server_proxy.rb:23:in `perform_request'
rack-proxy (0.7.2) lib/rack/proxy.rb:67:in `call'
railties (6.0.5) lib/rails/engine.rb:527:in `call'
puma (4.3.12) lib/puma/configuration.rb:228:in `call'
puma (4.3.12) lib/puma/server.rb:727:in `handle_request'
puma (4.3.12) lib/puma/server.rb:476:in `process_client'
puma (4.3.12) lib/puma/server.rb:332:in `block in run'
puma (4.3.12) lib/puma/thread_pool.rb:134:in `block in spawn_thread'
Started GET "/shamanic_transe_energy_medicine.jpg" for 127.0.0.1 at 2022-06-12 21:16:37 +0300
  
ActionController::RoutingError (No route matches [GET] "/shamanic_transe_energy_medicine.jpg"):
  
actionpack (6.0.5) lib/action_dispatch/middleware/debug_exceptions.rb:36:in `call'
web-console (4.2.0) lib/web_console/middleware.rb:132:in `call_app'
web-console (4.2.0) lib/web_console/middleware.rb:28:in `block in call'
web-console (4.2.0) lib/web_console/middleware.rb:17:in `catch'
web-console (4.2.0) lib/web_console/middleware.rb:17:in `call'
actionpack (6.0.5) lib/action_dispatch/middleware/show_exceptions.rb:33:in `call'
railties (6.0.5) lib/rails/rack/logger.rb:37:in `call_app'
railties (6.0.5) lib/rails/rack/logger.rb:26:in `block in call'
activesupport (6.0.5) lib/active_support/tagged_logging.rb:80:in `block in tagged'
activesupport (6.0.5) lib/active_support/tagged_logging.rb:28:in `tagged'
activesupport (6.0.5) lib/active_support/tagged_logging.rb:80:in `tagged'
railties (6.0.5) lib/rails/rack/logger.rb:26:in `call'
sprockets-rails (3.4.2) lib/sprockets/rails/quiet_assets.rb:13:in `call'
actionpack (6.0.5) lib/action_dispatch/middleware/remote_ip.rb:81:in `call'
actionpack (6.0.5) lib/action_dispatch/middleware/request_id.rb:27:in `call'
rack (2.2.3.1) lib/rack/method_override.rb:24:in `call'
rack (2.2.3.1) lib/rack/runtime.rb:22:in `call'
activesupport (6.0.5) lib/active_support/cache/strategy/local_cache_middleware.rb:29:in `call'
actionpack (6.0.5) lib/action_dispatch/middleware/executor.rb:14:in `call'
actionpack (6.0.5) lib/action_dispatch/middleware/static.rb:126:in `call'
rack (2.2.3.1) lib/rack/sendfile.rb:110:in `call'
actionpack (6.0.5) lib/action_dispatch/middleware/host_authorization.rb:103:in `call'
webpacker (4.3.0) lib/webpacker/dev_server_proxy.rb:23:in `perform_request'
rack-proxy (0.7.2) lib/rack/proxy.rb:67:in `call'
railties (6.0.5) lib/rails/engine.rb:527:in `call'
puma (4.3.12) lib/puma/configuration.rb:228:in `call'
puma (4.3.12) lib/puma/server.rb:727:in `handle_request'
puma (4.3.12) lib/puma/server.rb:476:in `process_client'
puma (4.3.12) lib/puma/server.rb:332:in `block in run'
puma (4.3.12) lib/puma/thread_pool.rb:134:in `block in spawn_thread'
